[debug] [2022-11-02T20:40:58.278Z] ----------------------------------------------------------------------
[debug] [2022-11-02T20:40:58.278Z] Command:       /usr/local/bin/node /usr/local/bin/firebase init hosting
[debug] [2022-11-02T20:40:58.279Z] CLI Version:   11.16.0
[debug] [2022-11-02T20:40:58.279Z] Platform:      darwin
[debug] [2022-11-02T20:40:58.279Z] Node Version:  v16.14.2
[debug] [2022-11-02T20:40:58.284Z] Time:          Wed Nov 02 2022 21:40:58 GMT+0100 (Ora standard dell’Europa centrale)
[debug] [2022-11-02T20:40:58.284Z] ----------------------------------------------------------------------
[debug] 
[debug] [2022-11-02T20:40:58.318Z] > command requires scopes: ["email","openid","https://www.googleapis.com/auth/cloudplatformprojects.readonly","https://www.googleapis.com/auth/firebase","https://www.googleapis.com/auth/cloud-platform"]
[debug] [2022-11-02T20:40:58.318Z] > authorizing via signed-in user (mar.grisolia@gmail.com)
[info] 
     ######## #### ########  ######## ########     ###     ######  ########
     ##        ##  ##     ## ##       ##     ##  ##   ##  ##       ##
     ######    ##  ########  ######   ########  #########  ######  ######
     ##        ##  ##    ##  ##       ##     ## ##     ##       ## ##
     ##       #### ##     ## ######## ########  ##     ##  ######  ########

You're about to initialize a Firebase project in this directory:

  /Users/marcellogrisolia/Desktop/Demo/Test3 copia 2

Before we get started, keep in mind:

  * You are initializing within an existing Firebase project directory

[info] 
=== Project Setup
[info] 
[info] First, let's associate this project directory with a Firebase project.
[info] You can create multiple project aliases by running firebase use --add, 
[info] but for now we'll just set up a default project.
[info] 
[debug] [2022-11-02T20:40:58.320Z] Using project from CLI flag: real-bdb02
[debug] [2022-11-02T20:40:58.321Z] > refreshing access token with scopes: []
[debug] [2022-11-02T20:40:58.321Z] >>> [apiv2][query] POST https://www.googleapis.com/oauth2/v3/token [none]
[debug] [2022-11-02T20:40:58.322Z] >>> [apiv2][body] POST https://www.googleapis.com/oauth2/v3/token [omitted]
[debug] [2022-11-02T20:40:58.601Z] <<< [apiv2][status] POST https://www.googleapis.com/oauth2/v3/token 200
[debug] [2022-11-02T20:40:58.601Z] <<< [apiv2][body] POST https://www.googleapis.com/oauth2/v3/token [omitted]
[debug] [2022-11-02T20:40:58.653Z] >>> [apiv2][query] GET https://firebase.googleapis.com/v1beta1/projects/real-bdb02 [none]
[debug] [2022-11-02T20:40:59.038Z] <<< [apiv2][status] GET https://firebase.googleapis.com/v1beta1/projects/real-bdb02 200
[debug] [2022-11-02T20:40:59.038Z] <<< [apiv2][body] GET https://firebase.googleapis.com/v1beta1/projects/real-bdb02 {"projectId":"real-bdb02","projectNumber":"418143448322","displayName":"real","name":"projects/real-bdb02","resources":{"hostingSite":"real-bdb02","storageBucket":"real-bdb02.appspot.com","locationId":"us-central"},"state":"ACTIVE","etag":"1_ade1d923-537f-4f13-b502-2b9f22aaaeb1"}
[info] i  Using project real-bdb02 (real) 
[info] 
=== Hosting Setup
[info] 
[info] Your public directory is the folder (relative to your project directory) that
[info] will contain Hosting assets to be uploaded with firebase deploy. If you
[info] have a build process for your assets, use your build's output directory.
[info] 
